<?xml version="1.0" encoding="UTF-8"?>
<coverage generated="1656859927814" clover="3.2.0">
  <project timestamp="1656859927814" name="All files">
    <metrics statements="68" coveredstatements="63" conditionals="12" coveredconditionals="10" methods="35" coveredmethods="31" elements="115" coveredelements="104" complexity="0" loc="68" ncloc="68" packages="2" files="10" classes="10"/>
    <package name="store">
      <metrics statements="48" coveredstatements="44" conditionals="2" coveredconditionals="2" methods="25" coveredmethods="21"/>
      <file name="api.js" path="/media/serhii/1828561C2855F8E8/Users/admin/Downloads/[FreeCoursesOnline.Me] Code With Mosh - The Ultimate Redux Course/Practice/redux-starter/src/store/api.js">
        <metrics statements="3" coveredstatements="3" conditionals="0" coveredconditionals="0" methods="0" coveredmethods="0"/>
        <line num="3" count="1" type="stmt"/>
        <line num="4" count="1" type="stmt"/>
        <line num="5" count="1" type="stmt"/>
      </file>
      <file name="bugs.js" path="/media/serhii/1828561C2855F8E8/Users/admin/Downloads/[FreeCoursesOnline.Me] Code With Mosh - The Ultimate Redux Course/Practice/redux-starter/src/store/bugs.js">
        <metrics statements="36" coveredstatements="34" conditionals="2" coveredconditionals="2" methods="22" coveredmethods="20"/>
        <line num="6" count="1" type="stmt"/>
        <line num="16" count="5" type="stmt"/>
        <line num="19" count="2" type="stmt"/>
        <line num="22" count="3" type="stmt"/>
        <line num="23" count="3" type="stmt"/>
        <line num="24" count="3" type="stmt"/>
        <line num="27" count="5" type="stmt"/>
        <line num="28" count="5" type="stmt"/>
        <line num="31" count="0" type="stmt"/>
        <line num="32" count="0" type="stmt"/>
        <line num="35" count="1" type="stmt"/>
        <line num="36" count="1" type="stmt"/>
        <line num="39" count="1" type="stmt"/>
        <line num="40" count="1" type="stmt"/>
        <line num="41" count="1" type="stmt"/>
        <line num="54" count="1" type="stmt"/>
        <line num="59" count="1" type="stmt"/>
        <line num="60" count="1" type="stmt"/>
        <line num="62" count="6" type="stmt"/>
        <line num="63" count="6" type="stmt"/>
        <line num="64" count="6" type="stmt"/>
        <line num="66" count="6" type="cond" truecount="2" falsecount="0"/>
        <line num="68" count="5" type="stmt"/>
        <line num="78" count="1" type="stmt"/>
        <line num="79" count="6" type="stmt"/>
        <line num="88" count="1" type="stmt"/>
        <line num="89" count="2" type="stmt"/>
        <line num="96" count="1" type="stmt"/>
        <line num="97" count="2" type="stmt"/>
        <line num="105" count="1" type="stmt"/>
        <line num="106" count="1" type="stmt"/>
        <line num="107" count="3" type="stmt"/>
        <line num="111" count="1" type="stmt"/>
        <line num="112" count="1" type="stmt"/>
        <line num="113" count="1" type="stmt"/>
        <line num="114" count="3" type="stmt"/>
      </file>
      <file name="configureStore.js" path="/media/serhii/1828561C2855F8E8/Users/admin/Downloads/[FreeCoursesOnline.Me] Code With Mosh - The Ultimate Redux Course/Practice/redux-starter/src/store/configureStore.js">
        <metrics statements="1" coveredstatements="1" conditionals="0" coveredconditionals="0" methods="1" coveredmethods="1"/>
        <line num="8" count="13" type="stmt"/>
      </file>
      <file name="entities.js" path="/media/serhii/1828561C2855F8E8/Users/admin/Downloads/[FreeCoursesOnline.Me] Code With Mosh - The Ultimate Redux Course/Practice/redux-starter/src/store/entities.js">
        <metrics statements="0" coveredstatements="0" conditionals="0" coveredconditionals="0" methods="0" coveredmethods="0"/>
      </file>
      <file name="projects.js" path="/media/serhii/1828561C2855F8E8/Users/admin/Downloads/[FreeCoursesOnline.Me] Code With Mosh - The Ultimate Redux Course/Practice/redux-starter/src/store/projects.js">
        <metrics statements="4" coveredstatements="3" conditionals="0" coveredconditionals="0" methods="1" coveredmethods="0"/>
        <line num="3" count="1" type="stmt"/>
        <line num="5" count="1" type="stmt"/>
        <line num="10" count="0" type="stmt"/>
        <line num="18" count="1" type="stmt"/>
      </file>
      <file name="reducer.js" path="/media/serhii/1828561C2855F8E8/Users/admin/Downloads/[FreeCoursesOnline.Me] Code With Mosh - The Ultimate Redux Course/Practice/redux-starter/src/store/reducer.js">
        <metrics statements="0" coveredstatements="0" conditionals="0" coveredconditionals="0" methods="0" coveredmethods="0"/>
      </file>
      <file name="users.js" path="/media/serhii/1828561C2855F8E8/Users/admin/Downloads/[FreeCoursesOnline.Me] Code With Mosh - The Ultimate Redux Course/Practice/redux-starter/src/store/users.js">
        <metrics statements="4" coveredstatements="3" conditionals="0" coveredconditionals="0" methods="1" coveredmethods="0"/>
        <line num="3" count="1" type="stmt"/>
        <line num="5" count="1" type="stmt"/>
        <line num="10" count="0" type="stmt"/>
        <line num="18" count="1" type="stmt"/>
      </file>
    </package>
    <package name="store.middleware">
      <metrics statements="20" coveredstatements="19" conditionals="10" coveredconditionals="8" methods="10" coveredmethods="10"/>
      <file name="api.js" path="/media/serhii/1828561C2855F8E8/Users/admin/Downloads/[FreeCoursesOnline.Me] Code With Mosh - The Ultimate Redux Course/Practice/redux-starter/src/store/middleware/api.js">
        <metrics statements="13" coveredstatements="13" conditionals="8" coveredconditionals="7" methods="3" coveredmethods="3"/>
        <line num="5" count="1" type="stmt"/>
        <line num="6" count="13" type="stmt"/>
        <line num="7" count="13" type="stmt"/>
        <line num="8" count="47" type="cond" truecount="2" falsecount="0"/>
        <line num="10" count="15" type="stmt"/>
        <line num="12" count="15" type="cond" truecount="2" falsecount="0"/>
        <line num="13" count="15" type="stmt"/>
        <line num="15" count="15" type="stmt"/>
        <line num="16" count="15" type="stmt"/>
        <line num="23" count="10" type="stmt"/>
        <line num="25" count="10" type="cond" truecount="1" falsecount="1"/>
        <line num="28" count="5" type="stmt"/>
        <line num="30" count="5" type="cond" truecount="2" falsecount="0"/>
      </file>
      <file name="logger.js" path="/media/serhii/1828561C2855F8E8/Users/admin/Downloads/[FreeCoursesOnline.Me] Code With Mosh - The Ultimate Redux Course/Practice/redux-starter/src/store/middleware/logger.js">
        <metrics statements="3" coveredstatements="3" conditionals="0" coveredconditionals="0" methods="4" coveredmethods="4"/>
        <line num="1" count="13" type="stmt"/>
        <line num="2" count="47" type="stmt"/>
        <line num="3" count="47" type="stmt"/>
      </file>
      <file name="toast.js" path="/media/serhii/1828561C2855F8E8/Users/admin/Downloads/[FreeCoursesOnline.Me] Code With Mosh - The Ultimate Redux Course/Practice/redux-starter/src/store/middleware/toast.js">
        <metrics statements="4" coveredstatements="3" conditionals="2" coveredconditionals="1" methods="3" coveredmethods="3"/>
        <line num="1" count="13" type="stmt"/>
        <line num="2" count="47" type="cond" truecount="1" falsecount="1"/>
        <line num="3" count="0" type="stmt"/>
        <line num="5" count="47" type="stmt"/>
      </file>
    </package>
  </project>
</coverage>
