{"/media/serhii/1828561C2855F8E8/Users/admin/Downloads/[FreeCoursesOnline.Me] Code With Mosh - The Ultimate Redux Course/Practice/redux-starter/src/store/api.js": {"path":"/media/serhii/1828561C2855F8E8/Users/admin/Downloads/[FreeCoursesOnline.Me] Code With Mosh - The Ultimate Redux Course/Practice/redux-starter/src/store/api.js","statementMap":{"0":{"start":{"line":3,"column":28},"end":{"line":3,"column":57}},"1":{"start":{"line":4,"column":30},"end":{"line":4,"column":61}},"2":{"start":{"line":5,"column":29},"end":{"line":5,"column":59}}},"fnMap":{},"branchMap":{},"s":{"0":1,"1":1,"2":1},"f":{},"b":{},"_coverageSchema":"1a1c01bbd47fc00a2c39e90264f33305004495a9","hash":"b459c37611cbde12e7b6a0439bb4187435861293"}
,"/media/serhii/1828561C2855F8E8/Users/admin/Downloads/[FreeCoursesOnline.Me] Code With Mosh - The Ultimate Redux Course/Practice/redux-starter/src/store/bugs.js": {"path":"/media/serhii/1828561C2855F8E8/Users/admin/Downloads/[FreeCoursesOnline.Me] Code With Mosh - The Ultimate Redux Course/Practice/redux-starter/src/store/bugs.js","statementMap":{"0":{"start":{"line":6,"column":14},"end":{"line":44,"column":2}},"1":{"start":{"line":16,"column":6},"end":{"line":16,"column":26}},"2":{"start":{"line":19,"column":6},"end":{"line":19,"column":27}},"3":{"start":{"line":22,"column":6},"end":{"line":22,"column":33}},"4":{"start":{"line":23,"column":6},"end":{"line":23,"column":27}},"5":{"start":{"line":24,"column":6},"end":{"line":24,"column":34}},"6":{"start":{"line":27,"column":18},"end":{"line":27,"column":32}},"7":{"start":{"line":28,"column":6},"end":{"line":28,"column":26}},"8":{"start":{"line":31,"column":20},"end":{"line":31,"column":76}},"9":{"start":{"line":31,"column":47},"end":{"line":31,"column":75}},"10":{"start":{"line":32,"column":6},"end":{"line":32,"column":33}},"11":{"start":{"line":35,"column":20},"end":{"line":35,"column":76}},"12":{"start":{"line":35,"column":47},"end":{"line":35,"column":75}},"13":{"start":{"line":36,"column":6},"end":{"line":36,"column":39}},"14":{"start":{"line":39,"column":36},"end":{"line":39,"column":50}},"15":{"start":{"line":40,"column":20},"end":{"line":40,"column":64}},"16":{"start":{"line":40,"column":47},"end":{"line":40,"column":63}},"17":{"start":{"line":41,"column":6},"end":{"line":41,"column":39}},"18":{"start":{"line":54,"column":4},"end":{"line":54,"column":17}},"19":{"start":{"line":59,"column":12},"end":{"line":59,"column":19}},"20":{"start":{"line":60,"column":29},"end":{"line":60,"column":31}},"21":{"start":{"line":62,"column":24},"end":{"line":76,"column":1}},"22":{"start":{"line":62,"column":30},"end":{"line":76,"column":1}},"23":{"start":{"line":63,"column":24},"end":{"line":63,"column":48}},"24":{"start":{"line":64,"column":24},"end":{"line":64,"column":67}},"25":{"start":{"line":66,"column":2},"end":{"line":66,"column":51}},"26":{"start":{"line":66,"column":44},"end":{"line":66,"column":51}},"27":{"start":{"line":68,"column":2},"end":{"line":75,"column":4}},"28":{"start":{"line":78,"column":22},"end":{"line":84,"column":4}},"29":{"start":{"line":79,"column":2},"end":{"line":84,"column":4}},"30":{"start":{"line":88,"column":26},"end":{"line":94,"column":4}},"31":{"start":{"line":89,"column":2},"end":{"line":94,"column":4}},"32":{"start":{"line":96,"column":31},"end":{"line":102,"column":4}},"33":{"start":{"line":97,"column":2},"end":{"line":102,"column":4}},"34":{"start":{"line":105,"column":33},"end":{"line":108,"column":1}},"35":{"start":{"line":106,"column":11},"end":{"line":106,"column":30}},"36":{"start":{"line":107,"column":10},"end":{"line":107,"column":48}},"37":{"start":{"line":107,"column":34},"end":{"line":107,"column":47}},"38":{"start":{"line":111,"column":29},"end":{"line":115,"column":3}},"39":{"start":{"line":112,"column":2},"end":{"line":115,"column":3}},"40":{"start":{"line":113,"column":13},"end":{"line":113,"column":32}},"41":{"start":{"line":114,"column":12},"end":{"line":114,"column":58}},"42":{"start":{"line":114,"column":36},"end":{"line":114,"column":57}}},"fnMap":{"0":{"name":"(anonymous_0)","decl":{"start":{"line":15,"column":19},"end":{"line":15,"column":20}},"loc":{"start":{"line":15,"column":37},"end":{"line":17,"column":5}},"line":15},"1":{"name":"(anonymous_1)","decl":{"start":{"line":18,"column":23},"end":{"line":18,"column":24}},"loc":{"start":{"line":18,"column":41},"end":{"line":20,"column":5}},"line":18},"2":{"name":"(anonymous_2)","decl":{"start":{"line":21,"column":18},"end":{"line":21,"column":19}},"loc":{"start":{"line":21,"column":36},"end":{"line":25,"column":5}},"line":21},"3":{"name":"(anonymous_3)","decl":{"start":{"line":26,"column":14},"end":{"line":26,"column":15}},"loc":{"start":{"line":26,"column":32},"end":{"line":29,"column":5}},"line":26},"4":{"name":"(anonymous_4)","decl":{"start":{"line":30,"column":16},"end":{"line":30,"column":17}},"loc":{"start":{"line":30,"column":34},"end":{"line":33,"column":5}},"line":30},"5":{"name":"(anonymous_5)","decl":{"start":{"line":31,"column":40},"end":{"line":31,"column":41}},"loc":{"start":{"line":31,"column":47},"end":{"line":31,"column":75}},"line":31},"6":{"name":"(anonymous_6)","decl":{"start":{"line":34,"column":17},"end":{"line":34,"column":18}},"loc":{"start":{"line":34,"column":35},"end":{"line":37,"column":5}},"line":34},"7":{"name":"(anonymous_7)","decl":{"start":{"line":35,"column":40},"end":{"line":35,"column":41}},"loc":{"start":{"line":35,"column":47},"end":{"line":35,"column":75}},"line":35},"8":{"name":"(anonymous_8)","decl":{"start":{"line":38,"column":23},"end":{"line":38,"column":24}},"loc":{"start":{"line":38,"column":41},"end":{"line":42,"column":5}},"line":38},"9":{"name":"(anonymous_9)","decl":{"start":{"line":40,"column":40},"end":{"line":40,"column":41}},"loc":{"start":{"line":40,"column":47},"end":{"line":40,"column":63}},"line":40},"10":{"name":"(anonymous_10)","decl":{"start":{"line":62,"column":24},"end":{"line":62,"column":25}},"loc":{"start":{"line":62,"column":30},"end":{"line":76,"column":1}},"line":62},"11":{"name":"(anonymous_11)","decl":{"start":{"line":62,"column":30},"end":{"line":62,"column":31}},"loc":{"start":{"line":62,"column":54},"end":{"line":76,"column":1}},"line":62},"12":{"name":"(anonymous_12)","decl":{"start":{"line":78,"column":22},"end":{"line":78,"column":23}},"loc":{"start":{"line":79,"column":2},"end":{"line":84,"column":4}},"line":79},"13":{"name":"(anonymous_13)","decl":{"start":{"line":88,"column":26},"end":{"line":88,"column":27}},"loc":{"start":{"line":89,"column":2},"end":{"line":94,"column":4}},"line":89},"14":{"name":"(anonymous_14)","decl":{"start":{"line":96,"column":31},"end":{"line":96,"column":32}},"loc":{"start":{"line":97,"column":2},"end":{"line":102,"column":4}},"line":97},"15":{"name":"(anonymous_15)","decl":{"start":{"line":106,"column":2},"end":{"line":106,"column":3}},"loc":{"start":{"line":106,"column":11},"end":{"line":106,"column":30}},"line":106},"16":{"name":"(anonymous_16)","decl":{"start":{"line":107,"column":2},"end":{"line":107,"column":3}},"loc":{"start":{"line":107,"column":10},"end":{"line":107,"column":48}},"line":107},"17":{"name":"(anonymous_17)","decl":{"start":{"line":107,"column":27},"end":{"line":107,"column":28}},"loc":{"start":{"line":107,"column":34},"end":{"line":107,"column":47}},"line":107},"18":{"name":"(anonymous_18)","decl":{"start":{"line":111,"column":29},"end":{"line":111,"column":30}},"loc":{"start":{"line":112,"column":2},"end":{"line":115,"column":3}},"line":112},"19":{"name":"(anonymous_19)","decl":{"start":{"line":113,"column":4},"end":{"line":113,"column":5}},"loc":{"start":{"line":113,"column":13},"end":{"line":113,"column":32}},"line":113},"20":{"name":"(anonymous_20)","decl":{"start":{"line":114,"column":4},"end":{"line":114,"column":5}},"loc":{"start":{"line":114,"column":12},"end":{"line":114,"column":58}},"line":114},"21":{"name":"(anonymous_21)","decl":{"start":{"line":114,"column":29},"end":{"line":114,"column":30}},"loc":{"start":{"line":114,"column":36},"end":{"line":114,"column":57}},"line":114}},"branchMap":{"0":{"loc":{"start":{"line":66,"column":2},"end":{"line":66,"column":51}},"type":"if","locations":[{"start":{"line":66,"column":2},"end":{"line":66,"column":51}},{"start":{},"end":{}}],"line":66}},"s":{"0":1,"1":5,"2":2,"3":3,"4":3,"5":3,"6":5,"7":5,"8":0,"9":0,"10":0,"11":1,"12":1,"13":1,"14":1,"15":1,"16":1,"17":1,"18":1,"19":1,"20":1,"21":1,"22":6,"23":6,"24":6,"25":6,"26":1,"27":5,"28":1,"29":6,"30":1,"31":2,"32":1,"33":2,"34":1,"35":1,"36":1,"37":3,"38":1,"39":1,"40":1,"41":1,"42":3},"f":{"0":5,"1":2,"2":3,"3":5,"4":0,"5":0,"6":1,"7":1,"8":1,"9":1,"10":6,"11":6,"12":6,"13":2,"14":2,"15":1,"16":1,"17":3,"18":1,"19":1,"20":1,"21":3},"b":{"0":[1,5]},"_coverageSchema":"1a1c01bbd47fc00a2c39e90264f33305004495a9","hash":"f57e08401370ce488284ee408e77f9d076879677"}
,"/media/serhii/1828561C2855F8E8/Users/admin/Downloads/[FreeCoursesOnline.Me] Code With Mosh - The Ultimate Redux Course/Practice/redux-starter/src/store/configureStore.js": {"path":"/media/serhii/1828561C2855F8E8/Users/admin/Downloads/[FreeCoursesOnline.Me] Code With Mosh - The Ultimate Redux Course/Practice/redux-starter/src/store/configureStore.js","statementMap":{"0":{"start":{"line":8,"column":2},"end":{"line":16,"column":5}}},"fnMap":{"0":{"name":"(anonymous_0)","decl":{"start":{"line":7,"column":15},"end":{"line":7,"column":16}},"loc":{"start":{"line":7,"column":27},"end":{"line":17,"column":1}},"line":7}},"branchMap":{},"s":{"0":13},"f":{"0":13},"b":{},"_coverageSchema":"1a1c01bbd47fc00a2c39e90264f33305004495a9","hash":"d8ff12714cb3291ac77b2591159469c61902629a"}
,"/media/serhii/1828561C2855F8E8/Users/admin/Downloads/[FreeCoursesOnline.Me] Code With Mosh - The Ultimate Redux Course/Practice/redux-starter/src/store/entities.js": {"path":"/media/serhii/1828561C2855F8E8/Users/admin/Downloads/[FreeCoursesOnline.Me] Code With Mosh - The Ultimate Redux Course/Practice/redux-starter/src/store/entities.js","statementMap":{},"fnMap":{},"branchMap":{},"s":{},"f":{},"b":{},"_coverageSchema":"1a1c01bbd47fc00a2c39e90264f33305004495a9","hash":"e4ffdf49336383f05e4955ef4152d7a611a5abb8"}
,"/media/serhii/1828561C2855F8E8/Users/admin/Downloads/[FreeCoursesOnline.Me] Code With Mosh - The Ultimate Redux Course/Practice/redux-starter/src/store/projects.js": {"path":"/media/serhii/1828561C2855F8E8/Users/admin/Downloads/[FreeCoursesOnline.Me] Code With Mosh - The Ultimate Redux Course/Practice/redux-starter/src/store/projects.js","statementMap":{"0":{"start":{"line":3,"column":13},"end":{"line":3,"column":14}},"1":{"start":{"line":5,"column":14},"end":{"line":16,"column":2}},"2":{"start":{"line":10,"column":6},"end":{"line":13,"column":9}},"3":{"start":{"line":18,"column":32},"end":{"line":18,"column":45}}},"fnMap":{"0":{"name":"(anonymous_0)","decl":{"start":{"line":9,"column":18},"end":{"line":9,"column":19}},"loc":{"start":{"line":9,"column":40},"end":{"line":14,"column":5}},"line":9}},"branchMap":{},"s":{"0":1,"1":1,"2":0,"3":1},"f":{"0":0},"b":{},"_coverageSchema":"1a1c01bbd47fc00a2c39e90264f33305004495a9","hash":"d083666327d1965e5b5692b31bb806ae3105199f"}
,"/media/serhii/1828561C2855F8E8/Users/admin/Downloads/[FreeCoursesOnline.Me] Code With Mosh - The Ultimate Redux Course/Practice/redux-starter/src/store/reducer.js": {"path":"/media/serhii/1828561C2855F8E8/Users/admin/Downloads/[FreeCoursesOnline.Me] Code With Mosh - The Ultimate Redux Course/Practice/redux-starter/src/store/reducer.js","statementMap":{},"fnMap":{},"branchMap":{},"s":{},"f":{},"b":{},"_coverageSchema":"1a1c01bbd47fc00a2c39e90264f33305004495a9","hash":"d716ffc832ce0ac09df88e9568ea5b60f2238eb1"}
,"/media/serhii/1828561C2855F8E8/Users/admin/Downloads/[FreeCoursesOnline.Me] Code With Mosh - The Ultimate Redux Course/Practice/redux-starter/src/store/users.js": {"path":"/media/serhii/1828561C2855F8E8/Users/admin/Downloads/[FreeCoursesOnline.Me] Code With Mosh - The Ultimate Redux Course/Practice/redux-starter/src/store/users.js","statementMap":{"0":{"start":{"line":3,"column":13},"end":{"line":3,"column":14}},"1":{"start":{"line":5,"column":14},"end":{"line":16,"column":2}},"2":{"start":{"line":10,"column":6},"end":{"line":13,"column":9}},"3":{"start":{"line":18,"column":29},"end":{"line":18,"column":42}}},"fnMap":{"0":{"name":"(anonymous_0)","decl":{"start":{"line":9,"column":15},"end":{"line":9,"column":16}},"loc":{"start":{"line":9,"column":34},"end":{"line":14,"column":5}},"line":9}},"branchMap":{},"s":{"0":1,"1":1,"2":0,"3":1},"f":{"0":0},"b":{},"_coverageSchema":"1a1c01bbd47fc00a2c39e90264f33305004495a9","hash":"87b463e0af9172155206ead0b02d8f38ec03cf3c"}
,"/media/serhii/1828561C2855F8E8/Users/admin/Downloads/[FreeCoursesOnline.Me] Code With Mosh - The Ultimate Redux Course/Practice/redux-starter/src/store/middleware/api.js": {"path":"/media/serhii/1828561C2855F8E8/Users/admin/Downloads/[FreeCoursesOnline.Me] Code With Mosh - The Ultimate Redux Course/Practice/redux-starter/src/store/middleware/api.js","statementMap":{"0":{"start":{"line":5,"column":2},"end":{"line":32,"column":3}},"1":{"start":{"line":6,"column":2},"end":{"line":32,"column":3}},"2":{"start":{"line":7,"column":2},"end":{"line":32,"column":3}},"3":{"start":{"line":8,"column":4},"end":{"line":8,"column":71}},"4":{"start":{"line":8,"column":51},"end":{"line":8,"column":71}},"5":{"start":{"line":10,"column":63},"end":{"line":10,"column":77}},"6":{"start":{"line":12,"column":4},"end":{"line":12,"column":45}},"7":{"start":{"line":12,"column":17},"end":{"line":12,"column":45}},"8":{"start":{"line":13,"column":4},"end":{"line":13,"column":17}},"9":{"start":{"line":15,"column":4},"end":{"line":31,"column":5}},"10":{"start":{"line":16,"column":23},"end":{"line":21,"column":8}},"11":{"start":{"line":23,"column":6},"end":{"line":23,"column":54}},"12":{"start":{"line":25,"column":6},"end":{"line":25,"column":75}},"13":{"start":{"line":25,"column":21},"end":{"line":25,"column":75}},"14":{"start":{"line":28,"column":6},"end":{"line":28,"column":53}},"15":{"start":{"line":30,"column":6},"end":{"line":30,"column":71}},"16":{"start":{"line":30,"column":19},"end":{"line":30,"column":71}}},"fnMap":{"0":{"name":"(anonymous_0)","decl":{"start":{"line":5,"column":2},"end":{"line":5,"column":3}},"loc":{"start":{"line":6,"column":2},"end":{"line":32,"column":3}},"line":6},"1":{"name":"(anonymous_1)","decl":{"start":{"line":6,"column":2},"end":{"line":6,"column":3}},"loc":{"start":{"line":7,"column":2},"end":{"line":32,"column":3}},"line":7},"2":{"name":"(anonymous_2)","decl":{"start":{"line":7,"column":2},"end":{"line":7,"column":3}},"loc":{"start":{"line":7,"column":18},"end":{"line":32,"column":3}},"line":7}},"branchMap":{"0":{"loc":{"start":{"line":8,"column":4},"end":{"line":8,"column":71}},"type":"if","locations":[{"start":{"line":8,"column":4},"end":{"line":8,"column":71}},{"start":{},"end":{}}],"line":8},"1":{"loc":{"start":{"line":12,"column":4},"end":{"line":12,"column":45}},"type":"if","locations":[{"start":{"line":12,"column":4},"end":{"line":12,"column":45}},{"start":{},"end":{}}],"line":12},"2":{"loc":{"start":{"line":25,"column":6},"end":{"line":25,"column":75}},"type":"if","locations":[{"start":{"line":25,"column":6},"end":{"line":25,"column":75}},{"start":{},"end":{}}],"line":25},"3":{"loc":{"start":{"line":30,"column":6},"end":{"line":30,"column":71}},"type":"if","locations":[{"start":{"line":30,"column":6},"end":{"line":30,"column":71}},{"start":{},"end":{}}],"line":30}},"s":{"0":1,"1":13,"2":13,"3":47,"4":32,"5":15,"6":15,"7":5,"8":15,"9":15,"10":15,"11":10,"12":10,"13":10,"14":5,"15":5,"16":2},"f":{"0":13,"1":13,"2":47},"b":{"0":[32,15],"1":[5,10],"2":[10,0],"3":[2,3]},"_coverageSchema":"1a1c01bbd47fc00a2c39e90264f33305004495a9","hash":"0814d75500cc241a853bb89b37f8c92de0cd62db"}
,"/media/serhii/1828561C2855F8E8/Users/admin/Downloads/[FreeCoursesOnline.Me] Code With Mosh - The Ultimate Redux Course/Practice/redux-starter/src/store/middleware/logger.js": {"path":"/media/serhii/1828561C2855F8E8/Users/admin/Downloads/[FreeCoursesOnline.Me] Code With Mosh - The Ultimate Redux Course/Practice/redux-starter/src/store/middleware/logger.js","statementMap":{"0":{"start":{"line":1,"column":15},"end":{"line":4,"column":1}},"1":{"start":{"line":1,"column":24},"end":{"line":4,"column":1}},"2":{"start":{"line":1,"column":33},"end":{"line":4,"column":1}},"3":{"start":{"line":1,"column":41},"end":{"line":4,"column":1}},"4":{"start":{"line":2,"column":2},"end":{"line":2,"column":47}},"5":{"start":{"line":3,"column":2},"end":{"line":3,"column":22}}},"fnMap":{"0":{"name":"(anonymous_0)","decl":{"start":{"line":1,"column":15},"end":{"line":1,"column":16}},"loc":{"start":{"line":1,"column":24},"end":{"line":4,"column":1}},"line":1},"1":{"name":"(anonymous_1)","decl":{"start":{"line":1,"column":24},"end":{"line":1,"column":25}},"loc":{"start":{"line":1,"column":33},"end":{"line":4,"column":1}},"line":1},"2":{"name":"(anonymous_2)","decl":{"start":{"line":1,"column":33},"end":{"line":1,"column":34}},"loc":{"start":{"line":1,"column":41},"end":{"line":4,"column":1}},"line":1},"3":{"name":"(anonymous_3)","decl":{"start":{"line":1,"column":41},"end":{"line":1,"column":42}},"loc":{"start":{"line":1,"column":51},"end":{"line":4,"column":1}},"line":1}},"branchMap":{},"s":{"0":1,"1":13,"2":13,"3":13,"4":47,"5":47},"f":{"0":13,"1":13,"2":13,"3":47},"b":{},"_coverageSchema":"1a1c01bbd47fc00a2c39e90264f33305004495a9","hash":"151ce942f1b048b755b49bfc94547697a9123d48"}
,"/media/serhii/1828561C2855F8E8/Users/admin/Downloads/[FreeCoursesOnline.Me] Code With Mosh - The Ultimate Redux Course/Practice/redux-starter/src/store/middleware/toast.js": {"path":"/media/serhii/1828561C2855F8E8/Users/admin/Downloads/[FreeCoursesOnline.Me] Code With Mosh - The Ultimate Redux Course/Practice/redux-starter/src/store/middleware/toast.js","statementMap":{"0":{"start":{"line":1,"column":14},"end":{"line":7,"column":1}},"1":{"start":{"line":1,"column":23},"end":{"line":7,"column":1}},"2":{"start":{"line":1,"column":31},"end":{"line":7,"column":1}},"3":{"start":{"line":2,"column":2},"end":{"line":6,"column":3}},"4":{"start":{"line":3,"column":4},"end":{"line":3,"column":53}},"5":{"start":{"line":5,"column":4},"end":{"line":5,"column":24}}},"fnMap":{"0":{"name":"(anonymous_0)","decl":{"start":{"line":1,"column":14},"end":{"line":1,"column":15}},"loc":{"start":{"line":1,"column":23},"end":{"line":7,"column":1}},"line":1},"1":{"name":"(anonymous_1)","decl":{"start":{"line":1,"column":23},"end":{"line":1,"column":24}},"loc":{"start":{"line":1,"column":31},"end":{"line":7,"column":1}},"line":1},"2":{"name":"(anonymous_2)","decl":{"start":{"line":1,"column":31},"end":{"line":1,"column":32}},"loc":{"start":{"line":1,"column":41},"end":{"line":7,"column":1}},"line":1}},"branchMap":{"0":{"loc":{"start":{"line":2,"column":2},"end":{"line":6,"column":3}},"type":"if","locations":[{"start":{"line":2,"column":2},"end":{"line":6,"column":3}},{"start":{"line":4,"column":9},"end":{"line":6,"column":3}}],"line":2}},"s":{"0":1,"1":13,"2":13,"3":47,"4":0,"5":47},"f":{"0":13,"1":13,"2":47},"b":{"0":[0,47]},"_coverageSchema":"1a1c01bbd47fc00a2c39e90264f33305004495a9","hash":"652e0728f53599bc6d3f10ed8519bc95bcc3c198"}
}
