TN:
SF:src/store/api.js
FNF:0
FNH:0
DA:3,1
DA:4,1
DA:5,1
LF:3
LH:3
BRF:0
BRH:0
end_of_record
TN:
SF:src/store/bugs.js
FN:15,(anonymous_0)
FN:18,(anonymous_1)
FN:21,(anonymous_2)
FN:26,(anonymous_3)
FN:30,(anonymous_4)
FN:31,(anonymous_5)
FN:34,(anonymous_6)
FN:35,(anonymous_7)
FN:38,(anonymous_8)
FN:40,(anonymous_9)
FN:62,(anonymous_10)
FN:62,(anonymous_11)
FN:78,(anonymous_12)
FN:88,(anonymous_13)
FN:96,(anonymous_14)
FN:106,(anonymous_15)
FN:107,(anonymous_16)
FN:107,(anonymous_17)
FN:111,(anonymous_18)
FN:113,(anonymous_19)
FN:114,(anonymous_20)
FN:114,(anonymous_21)
FNF:22
FNH:20
FNDA:5,(anonymous_0)
FNDA:2,(anonymous_1)
FNDA:3,(anonymous_2)
FNDA:5,(anonymous_3)
FNDA:0,(anonymous_4)
FNDA:0,(anonymous_5)
FNDA:1,(anonymous_6)
FNDA:1,(anonymous_7)
FNDA:1,(anonymous_8)
FNDA:1,(anonymous_9)
FNDA:6,(anonymous_10)
FNDA:6,(anonymous_11)
FNDA:6,(anonymous_12)
FNDA:2,(anonymous_13)
FNDA:2,(anonymous_14)
FNDA:1,(anonymous_15)
FNDA:1,(anonymous_16)
FNDA:3,(anonymous_17)
FNDA:1,(anonymous_18)
FNDA:1,(anonymous_19)
FNDA:1,(anonymous_20)
FNDA:3,(anonymous_21)
DA:6,1
DA:16,5
DA:19,2
DA:22,3
DA:23,3
DA:24,3
DA:27,5
DA:28,5
DA:31,0
DA:32,0
DA:35,1
DA:36,1
DA:39,1
DA:40,1
DA:41,1
DA:54,1
DA:59,1
DA:60,1
DA:62,6
DA:63,6
DA:64,6
DA:66,6
DA:68,5
DA:78,1
DA:79,6
DA:88,1
DA:89,2
DA:96,1
DA:97,2
DA:105,1
DA:106,1
DA:107,3
DA:111,1
DA:112,1
DA:113,1
DA:114,3
LF:36
LH:34
BRDA:66,0,0,1
BRDA:66,0,1,5
BRF:2
BRH:2
end_of_record
TN:
SF:src/store/configureStore.js
FN:7,(anonymous_0)
FNF:1
FNH:1
FNDA:13,(anonymous_0)
DA:8,13
LF:1
LH:1
BRF:0
BRH:0
end_of_record
TN:
SF:src/store/entities.js
FNF:0
FNH:0
LF:0
LH:0
BRF:0
BRH:0
end_of_record
TN:
SF:src/store/projects.js
FN:9,(anonymous_0)
FNF:1
FNH:0
FNDA:0,(anonymous_0)
DA:3,1
DA:5,1
DA:10,0
DA:18,1
LF:4
LH:3
BRF:0
BRH:0
end_of_record
TN:
SF:src/store/reducer.js
FNF:0
FNH:0
LF:0
LH:0
BRF:0
BRH:0
end_of_record
TN:
SF:src/store/users.js
FN:9,(anonymous_0)
FNF:1
FNH:0
FNDA:0,(anonymous_0)
DA:3,1
DA:5,1
DA:10,0
DA:18,1
LF:4
LH:3
BRF:0
BRH:0
end_of_record
TN:
SF:src/store/middleware/api.js
FN:5,(anonymous_0)
FN:6,(anonymous_1)
FN:7,(anonymous_2)
FNF:3
FNH:3
FNDA:13,(anonymous_0)
FNDA:13,(anonymous_1)
FNDA:47,(anonymous_2)
DA:5,1
DA:6,13
DA:7,13
DA:8,47
DA:10,15
DA:12,15
DA:13,15
DA:15,15
DA:16,15
DA:23,10
DA:25,10
DA:28,5
DA:30,5
LF:13
LH:13
BRDA:8,0,0,32
BRDA:8,0,1,15
BRDA:12,1,0,5
BRDA:12,1,1,10
BRDA:25,2,0,10
BRDA:25,2,1,0
BRDA:30,3,0,2
BRDA:30,3,1,3
BRF:8
BRH:7
end_of_record
TN:
SF:src/store/middleware/logger.js
FN:1,(anonymous_0)
FN:1,(anonymous_1)
FN:1,(anonymous_2)
FN:1,(anonymous_3)
FNF:4
FNH:4
FNDA:13,(anonymous_0)
FNDA:13,(anonymous_1)
FNDA:13,(anonymous_2)
FNDA:47,(anonymous_3)
DA:1,13
DA:2,47
DA:3,47
LF:3
LH:3
BRF:0
BRH:0
end_of_record
TN:
SF:src/store/middleware/toast.js
FN:1,(anonymous_0)
FN:1,(anonymous_1)
FN:1,(anonymous_2)
FNF:3
FNH:3
FNDA:13,(anonymous_0)
FNDA:13,(anonymous_1)
FNDA:47,(anonymous_2)
DA:1,13
DA:2,47
DA:3,0
DA:5,47
LF:4
LH:3
BRDA:2,0,0,0
BRDA:2,0,1,47
BRF:2
BRH:1
end_of_record
